<?xml version="1.0" encoding="UTF-8"?>
<testng-results skipped="0" failed="0" ignored="0" total="1" passed="1">
  <reporter-output>
  </reporter-output>
  <suite name="Default suite" duration-ms="4529" started-at="2020-03-12T09:22:39 IST" finished-at="2020-03-12T09:22:44 IST">
    <groups>
    </groups>
    <test name="Default test" duration-ms="4529" started-at="2020-03-12T09:22:39 IST" finished-at="2020-03-12T09:22:44 IST">
      <class name="com.qa.restapitest.test.RestApiGetCallTest">
        <test-method status="PASS" signature="SetUp()[pri:0, instance:com.qa.restapitest.test.RestApiGetCallTest@18eed359]" name="SetUp" is-config="true" duration-ms="15" started-at="2020-03-12T09:22:39 IST" finished-at="2020-03-12T09:22:39 IST">
          <reporter-output>
          </reporter-output>
        </test-method> <!-- SetUp -->
        <test-method status="PASS" signature="getcallTest()[pri:0, instance:com.qa.restapitest.test.RestApiGetCallTest@18eed359]" name="getcallTest" duration-ms="4401" started-at="2020-03-12T09:22:39 IST" finished-at="2020-03-12T09:22:44 IST">
          <reporter-output>
          </reporter-output>
        </test-method> <!-- getcallTest -->
        <test-method status="PASS" signature="tearDown()[pri:0, instance:com.qa.restapitest.test.RestApiGetCallTest@18eed359]" name="tearDown" is-config="true" duration-ms="0" started-at="2020-03-12T09:22:44 IST" finished-at="2020-03-12T09:22:44 IST">
          <reporter-output>
          </reporter-output>
        </test-method> <!-- tearDown -->
      </class> <!-- com.qa.restapitest.test.RestApiGetCallTest -->
    </test> <!-- Default test -->
  </suite> <!-- Default suite -->
</testng-results>
